#
# There is insufficient memory for the Java Runtime Environment to continue.
# Native memory allocation (mmap) failed to map 132120576 bytes. Error detail: G1 virtual space
# Possible reasons:
#   The system is out of physical RAM or swap space
#   This process is running with CompressedOops enabled, and the Java Heap may be blocking the growth of the native heap
# Possible solutions:
#   Reduce memory load on the system
#   Increase physical memory or swap space
#   Check if swap backing store is full
#   Decrease Java heap size (-Xmx/-Xms)
#   Decrease number of Java threads
#   Decrease Java thread stack sizes (-Xss)
#   Set larger code cache with -XX:ReservedCodeCacheSize=
#   JVM is running with Unscaled Compressed Oops mode in which the Java heap is
#     placed in the first 4GB address space. The Java Heap base address is the
#     maximum limit for the native heap growth. Please use -XX:HeapBaseMinAddress
#     to set the Java Heap base and to place the Java Heap above 4GB virtual address.
# This output file may be truncated or incomplete.
#
#  Out of Memory Error (os_windows.cpp:3564), pid=8172, tid=7492
#
# JRE version:  (24.0.1+9) (build )
# Java VM: OpenJDK 64-Bit Server VM (24.0.1+9-30, mixed mode, sharing, tiered, compressed oops, compressed class ptrs, g1 gc, windows-amd64)
# No core dump will be written. Minidumps are not enabled by default on client versions of Windows
#

---------------  S U M M A R Y ------------

Command Line: -Dmaven.home=EMBEDDED -Dclassworlds.conf=C:\Users\Reyansh\eclipse-workspace\.metadata\.plugins\org.eclipse.m2e.launching\launches\m2conf12451538706910381031.tmp -Dmaven.multiModuleProjectDirectory=C:\Users\Reyansh\eclipse-workspace\demo-employee -Dm2e.build.project.data.socket.port=59528 -Dfile.encoding=UTF-8 -Dstdout.encoding=UTF-8 -Dstderr.encoding=UTF-8 -XX:+ShowCodeDetailsInExceptionMessages org.codehaus.plexus.classworlds.launcher.Launcher -Ppom.xml -B -Dstyle.color=always

Host: Intel(R) Core(TM) i5-3210M CPU @ 2.50GHz, 4 cores, 7G,  Windows 10 , 64 bit Build 19041 (10.0.19041.5794)
Time: Tue Jun  3 00:39:06 2025 India Standard Time elapsed time: 0.124628 seconds (0d 0h 0m 0s)

---------------  T H R E A D  ---------------

Current thread (0x0000017bff90e140):  JavaThread "Unknown thread" [_thread_in_vm, id=7492, stack(0x000000617a600000,0x000000617a700000) (1024K)]

Stack: [0x000000617a600000,0x000000617a700000]
Native frames: (J=compiled Java code, j=interpreted, Vv=VM code, C=native code)
V  [jvm.dll+0x730739]  (no source info available)
V  [jvm.dll+0x8d9b23]  (no source info available)
V  [jvm.dll+0x8dc00d]  (no source info available)
V  [jvm.dll+0x8dc683]  (no source info available)
V  [jvm.dll+0x2aa086]  (no source info available)
V  [jvm.dll+0x72cc65]  (no source info available)
V  [jvm.dll+0x72059a]  (no source info available)
V  [jvm.dll+0x390cea]  (no source info available)
V  [jvm.dll+0x3989f6]  (no source info available)
V  [jvm.dll+0x38523e]  (no source info available)
V  [jvm.dll+0x3854f8]  (no source info available)
V  [jvm.dll+0x35d0cc]  (no source info available)
V  [jvm.dll+0x35dd8d]  (no source info available)
V  [jvm.dll+0x89d28f]  (no source info available)
V  [jvm.dll+0x3f985d]  (no source info available)
V  [jvm.dll+0x8858e6]  (no source info available)
V  [jvm.dll+0x495f3e]  (no source info available)
V  [jvm.dll+0x497d11]  (no source info available)
C  [jli.dll+0x52a1]  (no source info available)
C  [ucrtbase.dll+0x21bb2]  (no source info available)
C  [KERNEL32.DLL+0x17374]  (no source info available)
C  [ntdll.dll+0x4cc91]  (no source info available)

Lock stack of current Java thread (top to bottom):


---------------  P R O C E S S  ---------------

Threads class SMR info:
_java_thread_list=0x00007ffbad4ff318, length=0, elements={
}

Java Threads: ( => current thread )
Total: 0

Other Threads:
  0x0000017bff9685d0 WorkerThread "GC Thread#0"                     [id=10716, stack(0x000000617a700000,0x000000617a800000) (1024K)]
  0x0000017bff97d950 ConcurrentGCThread "G1 Main Marker"            [id=10736, stack(0x000000617a800000,0x000000617a900000) (1024K)]
  0x0000017bff97e370 WorkerThread "G1 Conc#0"                       [id=11956, stack(0x000000617a900000,0x000000617aa00000) (1024K)]

[error occurred during error reporting (printing all threads), id 0xc0000005, EXCEPTION_ACCESS_VIOLATION (0xc0000005) at pc=0x00007ffbacc314ea]
VM state: not at safepoint (not fully initialized)

VM Mutex/Monitor currently owned by a thread:  ([mutex/lock_event])
[0x00007ffbad5845b0] Heap_lock - owner thread: 0x0000017bff90e140

Heap address: 0x0000000082000000, size: 2016 MB, Compressed Oops mode: 32-bit

CDS archive(s) mapped at: [0x0000000000000000-0x0000000000000000-0x0000000000000000), size 0, SharedBaseAddress: 0x0000000800000000, ArchiveRelocationMode: 1.
UseCompressedClassPointers 1, UseCompactObjectHeaders 0
Narrow klass pointer bits 32, Max shift 3
Narrow klass base: 0xffffffffffffffff, Narrow klass shift: -1
Encoding Range: [0xffffffffffffffff - 0x000000007fffffff), (2147483648 bytes)
Klass Range:    [0x0000000000000000 - 0x0000000000000000), (0 bytes)
Klass ID Range:  [4294967295 - 0) (1)

GC Precious Log:
 CardTable entry size: 512
 Card Set container configuration: InlinePtr #cards 5 size 8 Array Of Cards #cards 10 size 36 Howl #buckets 4 coarsen threshold 1843 Howl Bitmap #cards 512 size 80 coarsen threshold 460 Card regions per heap region 1 cards per card region 2048

Heap:
 garbage-first heap   total reserved 2064384K, committed 0K, used 0K [0x0000000082000000, 0x0000000100000000)
  region size 1024K, 0 young (0K), 0 survivors (0K)

[error occurred during error reporting (printing heap information), id 0xc0000005, EXCEPTION_ACCESS_VIOLATION (0xc0000005) at pc=0x00007ffbad04e3e9]
GC Heap History (0 events):
No events

Dll operation events (1 events):
Event: 0.070 Loaded shared library C:\Users\Reyansh\Downloads\openjdk-24.0.1_windows-x64_bin\jdk-24.0.1\bin\java.dll

Deoptimization events (0 events):
No events

Classes loaded (0 events):
No events

Classes unloaded (0 events):
No events

Classes redefined (0 events):
No events

Internal exceptions (0 events):
No events

VM Operations (0 events):
No events

Memory protections (0 events):
No events

Nmethod flushes (0 events):
No events

Events (0 events):
No events


Dynamic libraries:
0x00007ff7239e0000 - 0x00007ff7239ee000 	C:\Users\Reyansh\Downloads\openjdk-24.0.1_windows-x64_bin\jdk-24.0.1\bin\javaw.exe
0x00007ffc02e70000 - 0x00007ffc03068000 	C:\Windows\SYSTEM32\ntdll.dll
0x00007ffc01170000 - 0x00007ffc01232000 	C:\Windows\System32\KERNEL32.DLL
0x00007ffc00a00000 - 0x00007ffc00cf6000 	C:\Windows\System32\KERNELBASE.dll
0x00007ffc00d00000 - 0x00007ffc00e00000 	C:\Windows\System32\ucrtbase.dll
0x00007ffbf4cd0000 - 0x00007ffbf4ce6000 	C:\Users\Reyansh\Downloads\openjdk-24.0.1_windows-x64_bin\jdk-24.0.1\bin\jli.dll
0x00007ffbf3e00000 - 0x00007ffbf3e1b000 	C:\Users\Reyansh\Downloads\openjdk-24.0.1_windows-x64_bin\jdk-24.0.1\bin\VCRUNTIME140.dll
0x00007ffc02030000 - 0x00007ffc021cd000 	C:\Windows\System32\USER32.dll
0x00007ffc009d0000 - 0x00007ffc009f2000 	C:\Windows\System32\win32u.dll
0x00007ffc01420000 - 0x00007ffc0144b000 	C:\Windows\System32\GDI32.dll
0x00007ffc005c0000 - 0x00007ffc006da000 	C:\Windows\System32\gdi32full.dll
0x00007ffc00e00000 - 0x00007ffc00e9d000 	C:\Windows\System32\msvcp_win.dll
0x00007ffbe7bd0000 - 0x00007ffbe7e6a000 	C:\Windows\WinSxS\amd64_microsoft.windows.common-controls_6595b64144ccf1df_6.0.19041.5794_none_60bcd33171f2783c\COMCTL32.dll
0x00007ffc01320000 - 0x00007ffc013be000 	C:\Windows\System32\msvcrt.dll
0x00007ffc012f0000 - 0x00007ffc0131f000 	C:\Windows\System32\IMM32.DLL
0x00007ffbfafb0000 - 0x00007ffbfafbc000 	C:\Users\Reyansh\Downloads\openjdk-24.0.1_windows-x64_bin\jdk-24.0.1\bin\vcruntime140_1.dll
0x00007ffbd78c0000 - 0x00007ffbd794e000 	C:\Users\Reyansh\Downloads\openjdk-24.0.1_windows-x64_bin\jdk-24.0.1\bin\msvcp140.dll
0x00007ffbac8c0000 - 0x00007ffbad662000 	C:\Users\Reyansh\Downloads\openjdk-24.0.1_windows-x64_bin\jdk-24.0.1\bin\server\jvm.dll
0x00007ffc01600000 - 0x00007ffc016af000 	C:\Windows\System32\ADVAPI32.dll
0x00007ffc01530000 - 0x00007ffc015cf000 	C:\Windows\System32\sechost.dll
0x00007ffc016b0000 - 0x00007ffc017d3000 	C:\Windows\System32\RPCRT4.dll
0x00007ffc00840000 - 0x00007ffc00867000 	C:\Windows\System32\bcrypt.dll
0x00007ffc021d0000 - 0x00007ffc0223b000 	C:\Windows\System32\WS2_32.dll
0x00007ffc00370000 - 0x00007ffc003bb000 	C:\Windows\SYSTEM32\POWRPROF.dll
0x00007ffbd68b0000 - 0x00007ffbd68d7000 	C:\Windows\SYSTEM32\WINMM.dll
0x00007ffbf2620000 - 0x00007ffbf262a000 	C:\Windows\SYSTEM32\VERSION.dll
0x00007ffc00350000 - 0x00007ffc00362000 	C:\Windows\SYSTEM32\UMPDC.dll
0x00007ffbfe350000 - 0x00007ffbfe362000 	C:\Windows\SYSTEM32\kernel.appcore.dll
0x00007ffbde170000 - 0x00007ffbde17a000 	C:\Users\Reyansh\Downloads\openjdk-24.0.1_windows-x64_bin\jdk-24.0.1\bin\jimage.dll
0x00007ffbf5a40000 - 0x00007ffbf5c41000 	C:\Windows\SYSTEM32\DBGHELP.DLL
0x00007ffbf57f0000 - 0x00007ffbf5824000 	C:\Windows\SYSTEM32\dbgcore.DLL
0x00007ffc007b0000 - 0x00007ffc00832000 	C:\Windows\System32\bcryptPrimitives.dll
0x00007ffbdb890000 - 0x00007ffbdb8ae000 	C:\Users\Reyansh\Downloads\openjdk-24.0.1_windows-x64_bin\jdk-24.0.1\bin\java.dll
0x00007ffc01f00000 - 0x00007ffc0202b000 	C:\Windows\System32\ole32.dll
0x00007ffc01ba0000 - 0x00007ffc01ef3000 	C:\Windows\System32\combase.dll
0x00007ffc026b0000 - 0x00007ffc02e1e000 	C:\Windows\System32\SHELL32.dll

JVMTI agents: none

dbghelp: loaded successfully - version: 4.0.5 - missing functions: none
symbol engine: initialized successfully - sym options: 0x614 - pdb path: .;C:\Users\Reyansh\Downloads\openjdk-24.0.1_windows-x64_bin\jdk-24.0.1\bin;C:\Windows\SYSTEM32;C:\Windows\WinSxS\amd64_microsoft.windows.common-controls_6595b64144ccf1df_6.0.19041.5794_none_60bcd33171f2783c;C:\Users\Reyansh\Downloads\openjdk-24.0.1_windows-x64_bin\jdk-24.0.1\bin\server

VM Arguments:
jvm_args: -Dmaven.home=EMBEDDED -Dclassworlds.conf=C:\Users\Reyansh\eclipse-workspace\.metadata\.plugins\org.eclipse.m2e.launching\launches\m2conf12451538706910381031.tmp -Dmaven.multiModuleProjectDirectory=C:\Users\Reyansh\eclipse-workspace\demo-employee -Dm2e.build.project.data.socket.port=59528 -Dfile.encoding=UTF-8 -Dstdout.encoding=UTF-8 -Dstderr.encoding=UTF-8 -XX:+ShowCodeDetailsInExceptionMessages 
java_command: org.codehaus.plexus.classworlds.launcher.Launcher -Ppom.xml -B -Dstyle.color=always
java_class_path (initial): C:\Users\Reyansh\.p2\pool\plugins\org.eclipse.m2e.maven.runtime_3.9.900.20250220-2013\jars\plexus-classworlds-2.8.0.jar
Launcher Type: SUN_STANDARD

[Global flags]
     intx CICompilerCount                          = 3                                         {product} {ergonomic}
     uint ConcGCThreads                            = 1                                         {product} {ergonomic}
     uint G1ConcRefinementThreads                  = 4                                         {product} {ergonomic}
   size_t G1HeapRegionSize                         = 1048576                                   {product} {ergonomic}
   size_t InitialHeapSize                          = 132120576                                 {product} {ergonomic}
   size_t MarkStackSize                            = 4194304                                   {product} {ergonomic}
   size_t MarkStackSizeMax                         = 536870912                                 {product} {ergonomic}
   size_t MaxHeapSize                              = 2113929216                                {product} {ergonomic}
   size_t MinHeapDeltaBytes                        = 1048576                                   {product} {ergonomic}
   size_t MinHeapSize                              = 8388608                                   {product} {ergonomic}
    uintx NonNMethodCodeHeapSize                   = 5832704                                {pd product} {ergonomic}
    uintx NonProfiledCodeHeapSize                  = 122945536                              {pd product} {ergonomic}
    uintx ProfiledCodeHeapSize                     = 122880000                              {pd product} {ergonomic}
    uintx ReservedCodeCacheSize                    = 251658240                              {pd product} {ergonomic}
     bool SegmentedCodeCache                       = true                                      {product} {ergonomic}
     bool ShowCodeDetailsInExceptionMessages       = true                                   {manageable} {command line}
   size_t SoftMaxHeapSize                          = 2113929216                             {manageable} {ergonomic}
     bool UseCompressedOops                        = true                           {product lp64_product} {ergonomic}
     bool UseG1GC                                  = true                                      {product} {ergonomic}
     bool UseLargePagesIndividualAllocation        = false                                  {pd product} {ergonomic}

Logging:
Log output configuration:
 #0: stdout all=warning uptime,level,tags foldmultilines=false
 #1: stderr all=off uptime,level,tags foldmultilines=false

Environment Variables:
PATH=C:/Users/Reyansh/.p2/pool/plugins/org.eclipse.justj.openjdk.hotspot.jre.full.win32.x86_64_21.0.7.v20250502-0916/jre/bin/server;C:/Users/Reyansh/.p2/pool/plugins/org.eclipse.justj.openjdk.hotspot.jre.full.win32.x86_64_21.0.7.v20250502-0916/jre/bin;C:\Program Files (x86)\Common Files\Oracle\Java\javapath;C:\Windows\system32;C:\Windows;C:\Windows\System32\Wbem;C:\Windows\System32\WindowsPowerShell\v1.0\;C:\Windows\System32\OpenSSH\;C:\Program Files (x86)\ATI Technologies\ATI.ACE\Core-Static;C:\Program Files\Git\cmd;C:\Program Files\Docker\Docker\resources\bin;C:\Users\Reyansh\AppData\Local\Microsoft\WindowsApps;;C:\Program Files\JetBrains\IntelliJ IDEA 2025.1\bin;;C:\Windows\system32;
USERNAME=Reyansh
OS=Windows_NT
PROCESSOR_IDENTIFIER=Intel64 Family 6 Model 58 Stepping 9, GenuineIntel
TMP=C:\Users\Reyansh\AppData\Local\Temp
TEMP=C:\Users\Reyansh\AppData\Local\Temp




Periodic native trim disabled

---------------  S Y S T E M  ---------------

OS:
 Windows 10 , 64 bit Build 19041 (10.0.19041.5794)
OS uptime: 0 days 5:12 hours
Hyper-V role detected

CPU: total 4 (initial active 4) (2 cores per cpu, 2 threads per core) family 6 model 58 stepping 9 microcode 0x21, cx8, cmov, fxsr, ht, mmx, sse, sse2, sse3, ssse3, sse4.1, sse4.2, popcnt, tsc, tscinvbit, avx, aes, erms, clmul, vzeroupper, clflush, hv, rdtscp, f16c
Processor Information for the first 4 processors :
  Max Mhz: 2501, Current Mhz: 2501, Mhz Limit: 2501

Memory: 4k page, system-wide physical 8061M (466M free)
TotalPageFile size 16253M (AvailPageFile size 51M)
current process WorkingSet (physical memory assigned to process): 11M, peak: 11M
current process commit charge ("private bytes"): 52M, peak: 178M

vm_info: OpenJDK 64-Bit Server VM (24.0.1+9-30) for windows-amd64 JRE (24.0.1+9-30), built on 2025-03-05T07:23:45Z with MS VC++ 17.6 (VS2022)

END.
